# JRE version: Java(TM) SE Runtime Environment (17.0.15+9) (build 17.0.15+9-LTS-241)
# Java VM: Java HotSpot(TM) 64-Bit Server VM (17.0.15+9-LTS-241, mixed mode, sharing, tiered, compressed oops, compressed class ptrs, g1 gc, windows-amd64)
GC Precious Log:
 CPUs: 12 total, 12 available
 Memory: 16085M
 Large Page Support: Disabled
 NUMA Support: Disabled
 Compressed Oops: Enabled (Zero based)
 Heap Region Size: 32M
 Heap Min Capacity: 12G
 Heap Initial Capacity: 12G
 Heap Max Capacity: 12G
 Pre-touch: Disabled
 Parallel Workers: 10
 Concurrent Workers: 3
 Concurrent Refinement Workers: 10
 Periodic GC: Disabled
Heap:
 garbage-first heap   total 12582912K, used 2922963K [0x0000000500000000, 0x0000000800000000)
  region size 32768K, 69 young (2260992K), 6 survivors (196608K)
 Metaspace       used 291353K, committed 293184K, reserved 1310720K
  class space    used 56766K, committed 57600K, reserved 1048576K
GC Heap History (20 events):
Event: 32.834 GC heap before
{Heap before GC invocations=5 (full 0):
 garbage-first heap   total 12582912K, used 2602546K [0x0000000500000000, 0x0000000800000000)
  region size 32768K, 76 young (2490368K), 4 survivors (131072K)
 Metaspace       used 48768K, committed 49344K, reserved 1114112K
  class space    used 6194K, committed 6464K, reserved 1048576K
}
Event: 32.862 GC heap after
{Heap after GC invocations=6 (full 0):
 garbage-first heap   total 12582912K, used 249708K [0x0000000500000000, 0x0000000800000000)
  region size 32768K, 5 young (163840K), 5 survivors (163840K)
 Metaspace       used 48768K, committed 49344K, reserved 1114112K
  class space    used 6194K, committed 6464K, reserved 1048576K
}
Event: 38.350 GC heap before
{Heap before GC invocations=6 (full 0):
 garbage-first heap   total 12582912K, used 1789804K [0x0000000500000000, 0x0000000800000000)
  region size 32768K, 53 young (1736704K), 5 survivors (163840K)
 Metaspace       used 59815K, committed 60480K, reserved 1114112K
  class space    used 9005K, committed 9344K, reserved 1048576K
}
Event: 38.399 GC heap after
{Heap after GC invocations=7 (full 0):
 garbage-first heap   total 12582912K, used 294748K [0x0000000500000000, 0x0000000800000000)
  region size 32768K, 6 young (196608K), 6 survivors (196608K)
 Metaspace       used 59815K, committed 60480K, reserved 1114112K
  class space    used 9005K, committed 9344K, reserved 1048576K
}
Event: 61.944 GC heap before
{Heap before GC invocations=8 (full 0):
 garbage-first heap   total 12582912K, used 2195292K [0x0000000500000000, 0x0000000800000000)
  region size 32768K, 65 young (2129920K), 6 survivors (196608K)
 Metaspace       used 100240K, committed 101120K, reserved 1179648K
  class space    used 17305K, committed 17728K, reserved 1048576K
}
Event: 62.009 GC heap after
{Heap after GC invocations=9 (full 0):
 garbage-first heap   total 12582912K, used 396266K [0x0000000500000000, 0x0000000800000000)
  region size 32768K, 9 young (294912K), 9 survivors (294912K)
 Metaspace       used 100240K, committed 101120K, reserved 1179648K
  class space    used 17305K, committed 17728K, reserved 1048576K
}
Event: 82.765 GC heap before
{Heap before GC invocations=10 (full 0):
 garbage-first heap   total 12582912K, used 2591722K [0x0000000500000000, 0x0000000800000000)
  region size 32768K, 76 young (2490368K), 9 survivors (294912K)
 Metaspace       used 161149K, committed 162240K, reserved 1245184K
  class space    used 29895K, committed 30400K, reserved 1048576K
}
Event: 82.887 GC heap after
{Heap after GC invocations=11 (full 0):
 garbage-first heap   total 12582912K, used 513516K [0x0000000500000000, 0x0000000800000000)
  region size 32768K, 9 young (294912K), 9 survivors (294912K)
 Metaspace       used 161149K, committed 162240K, reserved 1245184K
  class space    used 29895K, committed 30400K, reserved 1048576K
}
Event: 85.318 GC heap before
{Heap before GC invocations=11 (full 0):
 garbage-first heap   total 12582912K, used 644588K [0x0000000500000000, 0x0000000800000000)
  region size 32768K, 14 young (458752K), 9 survivors (294912K)
 Metaspace       used 167819K, committed 168960K, reserved 1245184K
  class space    used 30837K, committed 31360K, reserved 1048576K
}
Event: 85.383 GC heap after
{Heap after GC invocations=12 (full 0):
 garbage-first heap   total 12582912K, used 523760K [0x0000000500000000, 0x0000000800000000)
  region size 32768K, 5 young (163840K), 5 survivors (163840K)
 Metaspace       used 167819K, committed 168960K, reserved 1245184K
  class space    used 30837K, committed 31360K, reserved 1048576K
}
Event: 128.356 GC heap before
{Heap before GC invocations=13 (full 0):
 garbage-first heap   total 12582912K, used 2850288K [0x0000000500000000, 0x0000000800000000)
  region size 32768K, 76 young (2490368K), 5 survivors (163840K)
 Metaspace       used 255560K, committed 257024K, reserved 1310720K
  class space    used 50771K, committed 51392K, reserved 1048576K
}
Event: 128.473 GC heap after
{Heap after GC invocations=14 (full 0):
 garbage-first heap   total 12582912K, used 640666K [0x0000000500000000, 0x0000000800000000)
  region size 32768K, 8 young (262144K), 8 survivors (262144K)
 Metaspace       used 255560K, committed 257024K, reserved 1310720K
  class space    used 50771K, committed 51392K, reserved 1048576K
}
Event: 138.724 GC heap before
{Heap before GC invocations=15 (full 0):
 garbage-first heap   total 12582912K, used 2868890K [0x0000000500000000, 0x0000000800000000)
  region size 32768K, 76 young (2490368K), 8 survivors (262144K)
 Metaspace       used 261356K, committed 262976K, reserved 1310720K
  class space    used 51869K, committed 52608K, reserved 1048576K
}
Event: 138.832 GC heap after
{Heap after GC invocations=16 (full 0):
 garbage-first heap   total 12582912K, used 699293K [0x0000000500000000, 0x0000000800000000)
  region size 32768K, 7 young (229376K), 7 survivors (229376K)
 Metaspace       used 261356K, committed 262976K, reserved 1310720K
  class space    used 51869K, committed 52608K, reserved 1048576K
}
Event: 144.282 GC heap before
{Heap before GC invocations=16 (full 0):
 garbage-first heap   total 12582912K, used 2960285K [0x0000000500000000, 0x0000000800000000)
  region size 32768K, 76 young (2490368K), 7 survivors (229376K)
 Metaspace       used 268939K, committed 270528K, reserved 1310720K
  class space    used 53404K, committed 54144K, reserved 1048576K
}
Event: 144.389 GC heap after
{Heap after GC invocations=17 (full 0):
 garbage-first heap   total 12582912K, used 857816K [0x0000000500000000, 0x0000000800000000)
  region size 32768K, 7 young (229376K), 7 survivors (229376K)
 Metaspace       used 268939K, committed 270528K, reserved 1310720K
  class space    used 53404K, committed 54144K, reserved 1048576K
}
Event: 185.790 GC heap before
{Heap before GC invocations=17 (full 0):
 garbage-first heap   total 12582912K, used 3118808K [0x0000000500000000, 0x0000000800000000)
  region size 32768K, 76 young (2490368K), 7 survivors (229376K)
 Metaspace       used 270151K, committed 271808K, reserved 1310720K
  class space    used 53562K, committed 54336K, reserved 1048576K
}
Event: 185.851 GC heap after
{Heap after GC invocations=18 (full 0):
 garbage-first heap   total 12582912K, used 866570K [0x0000000500000000, 0x0000000800000000)
  region size 32768K, 6 young (196608K), 6 survivors (196608K)
 Metaspace       used 270151K, committed 271808K, reserved 1310720K
  class space    used 53562K, committed 54336K, reserved 1048576K
}
Event: 223.465 GC heap before
{Heap before GC invocations=18 (full 0):
 garbage-first heap   total 12582912K, used 3160330K [0x0000000500000000, 0x0000000800000000)
  region size 32768K, 76 young (2490368K), 6 survivors (196608K)
 Metaspace       used 274227K, committed 275904K, reserved 1310720K
  class space    used 54201K, committed 54976K, reserved 1048576K
}
Event: 223.515 GC heap after
{Heap after GC invocations=19 (full 0):
 garbage-first heap   total 12582912K, used 891347K [0x0000000500000000, 0x0000000800000000)
  region size 32768K, 6 young (196608K), 6 survivors (196608K)
 Metaspace       used 274227K, committed 275904K, reserved 1310720K
  class space    used 54201K, committed 54976K, reserved 1048576K
}

